::1 - - [05/Nov/2019:11:43:11 +0100] "GET / HTTP/1.1" 200 5656
::1 - - [05/Nov/2019:11:43:11 +0100] "GET /wampthemes/classic/style.css HTTP/1.1" 200 2462
::1 - - [05/Nov/2019:11:43:11 +0100] "GET /wampthemes/classic/img/gifLogo.gif HTTP/1.1" 200 3525
::1 - - [05/Nov/2019:11:43:11 +0100] "GET /wampthemes/classic/img/pngPlugin.png HTTP/1.1" 200 140
::1 - - [05/Nov/2019:11:43:11 +0100] "GET /wampthemes/classic/img/pngWrench.png HTTP/1.1" 200 741
::1 - - [05/Nov/2019:11:43:11 +0100] "GET /wampthemes/classic/img/pngFolder.png HTTP/1.1" 200 850
::1 - - [05/Nov/2019:11:43:11 +0100] "GET /wampthemes/classic/img/pngFolderGo.png HTTP/1.1" 200 694
::1 - - [05/Nov/2019:11:43:12 +0100] "GET /favicon.ico HTTP/1.1" 200 202575
::1 - - [05/Nov/2019:11:43:26 +0100] "GET /bdv-api-main HTTP/1.1" 301 323
::1 - - [05/Nov/2019:11:43:26 +0100] "GET /bdv-api-main/ HTTP/1.1" 200 1425
::1 - - [05/Nov/2019:11:43:26 +0100] "GET /icons/back.gif HTTP/1.1" 200 216
::1 - - [05/Nov/2019:11:43:26 +0100] "GET /icons/blank.gif HTTP/1.1" 200 148
::1 - - [05/Nov/2019:11:43:26 +0100] "GET /icons/folder.gif HTTP/1.1" 200 225
::1 - - [05/Nov/2019:11:43:26 +0100] "GET /icons/unknown.gif HTTP/1.1" 200 245
::1 - - [05/Nov/2019:11:43:29 +0100] "GET /bdv-api-main/app/ HTTP/1.1" 500 645
::1 - - [05/Nov/2019:11:43:50 +0100] "GET /bdv-api-main/app/ HTTP/1.1" 500 645
::1 - - [05/Nov/2019:11:43:50 +0100] "GET /favicon.ico HTTP/1.1" 200 202575
::1 - - [05/Nov/2019:11:44:15 +0100] "GET /bdv-api-main/app/ HTTP/1.1" 500 645
::1 - - [05/Nov/2019:11:44:15 +0100] "GET /favicon.ico HTTP/1.1" 200 202575
::1 - - [05/Nov/2019:11:44:38 +0100] "GET /bdv-api-main/app/ HTTP/1.1" 500 645
::1 - - [05/Nov/2019:11:44:38 +0100] "GET /favicon.ico HTTP/1.1" 200 202575
::1 - - [05/Nov/2019:11:44:39 +0100] "GET /bdv-api-main/app/ HTTP/1.1" 500 645
::1 - - [05/Nov/2019:11:44:39 +0100] "GET /favicon.ico HTTP/1.1" 200 202575
::1 - - [05/Nov/2019:11:44:40 +0100] "GET /bdv-api-main/app/ HTTP/1.1" 500 645
::1 - - [05/Nov/2019:11:44:40 +0100] "GET /favicon.ico HTTP/1.1" 200 202575
::1 - - [05/Nov/2019:11:44:40 +0100] "GET /bdv-api-main/app/ HTTP/1.1" 500 645
::1 - - [05/Nov/2019:11:44:40 +0100] "GET /favicon.ico HTTP/1.1" 200 202575
::1 - - [05/Nov/2019:11:44:40 +0100] "GET /bdv-api-main/app/ HTTP/1.1" 500 645
::1 - - [05/Nov/2019:11:44:41 +0100] "GET /favicon.ico HTTP/1.1" 200 202575
::1 - - [05/Nov/2019:11:44:41 +0100] "GET /bdv-api-main/app/ HTTP/1.1" 500 645
::1 - - [05/Nov/2019:11:44:41 +0100] "GET /favicon.ico HTTP/1.1" 200 202575
::1 - - [05/Nov/2019:11:44:41 +0100] "GET /bdv-api-main/app/ HTTP/1.1" 500 645
::1 - - [05/Nov/2019:11:44:41 +0100] "GET /favicon.ico HTTP/1.1" 200 202575
::1 - - [05/Nov/2019:11:44:47 +0100] "GET /bdv-api-main/app/ HTTP/1.1" 500 645
::1 - - [05/Nov/2019:11:44:48 +0100] "GET /favicon.ico HTTP/1.1" 200 202575
::1 - - [05/Nov/2019:11:44:48 +0100] "GET /bdv-api-main/app/ HTTP/1.1" 500 645
::1 - - [05/Nov/2019:11:44:48 +0100] "GET /favicon.ico HTTP/1.1" 200 202575
::1 - - [05/Nov/2019:11:44:48 +0100] "GET /bdv-api-main/app/ HTTP/1.1" 500 645
::1 - - [05/Nov/2019:11:44:48 +0100] "GET /favicon.ico HTTP/1.1" 200 202575
::1 - - [05/Nov/2019:11:45:23 +0100] "GET /bdv-api-main/app/ HTTP/1.1" 500 645
::1 - - [05/Nov/2019:11:45:23 +0100] "GET /favicon.ico HTTP/1.1" 200 202575
::1 - - [05/Nov/2019:11:45:24 +0100] "GET /bdv-api-main/app/ HTTP/1.1" 500 645
::1 - - [05/Nov/2019:11:45:24 +0100] "GET /favicon.ico HTTP/1.1" 200 202575
::1 - - [05/Nov/2019:11:45:24 +0100] "GET /bdv-api-main/app/ HTTP/1.1" 500 645
::1 - - [05/Nov/2019:11:45:25 +0100] "GET /favicon.ico HTTP/1.1" 200 202575
::1 - - [05/Nov/2019:11:45:33 +0100] "GET /bdv-api-main/app/ HTTP/1.1" 500 645
::1 - - [05/Nov/2019:11:45:34 +0100] "GET /favicon.ico HTTP/1.1" 200 202575
::1 - - [05/Nov/2019:11:45:53 +0100] "GET /bdv-api-main/app/ HTTP/1.1" 500 645
::1 - - [05/Nov/2019:11:45:54 +0100] "GET /favicon.ico HTTP/1.1" 200 202575
::1 - - [05/Nov/2019:11:45:58 +0100] "GET /bdv-api-main/app/index.php HTTP/1.1" 500 645
::1 - - [05/Nov/2019:11:46:36 +0100] "GET /bdv-api-main/app/index.php HTTP/1.1" 500 645
::1 - - [05/Nov/2019:11:46:36 +0100] "GET /favicon.ico HTTP/1.1" 200 202575
::1 - - [05/Nov/2019:11:46:37 +0100] "GET /bdv-api-main/app/index.php HTTP/1.1" 500 645
::1 - - [05/Nov/2019:11:46:37 +0100] "GET /favicon.ico HTTP/1.1" 200 202575
::1 - - [05/Nov/2019:11:46:38 +0100] "GET /bdv-api-main/app/index.php HTTP/1.1" 500 645
::1 - - [05/Nov/2019:11:46:38 +0100] "GET /favicon.ico HTTP/1.1" 200 202575
::1 - - [05/Nov/2019:11:46:38 +0100] "GET /bdv-api-main/app/index.php HTTP/1.1" 500 645
::1 - - [05/Nov/2019:11:46:38 +0100] "GET /favicon.ico HTTP/1.1" 200 202575
::1 - - [05/Nov/2019:11:46:41 +0100] "GET /bdv-api-main/app HTTP/1.1" 301 327
::1 - - [05/Nov/2019:11:46:41 +0100] "GET /bdv-api-main/app/ HTTP/1.1" 500 645
::1 - - [05/Nov/2019:11:46:48 +0100] "GET /bdv-api-main/app/ HTTP/1.1" 500 645
::1 - - [05/Nov/2019:11:46:48 +0100] "GET /favicon.ico HTTP/1.1" 200 202575
::1 - - [05/Nov/2019:11:46:49 +0100] "GET /bdv-api-main/app/ HTTP/1.1" 500 645
::1 - - [05/Nov/2019:11:46:49 +0100] "GET /favicon.ico HTTP/1.1" 200 202575
::1 - - [05/Nov/2019:11:46:49 +0100] "GET /bdv-api-main/app/ HTTP/1.1" 500 645
::1 - - [05/Nov/2019:11:46:50 +0100] "GET /favicon.ico HTTP/1.1" 200 202575
::1 - - [05/Nov/2019:11:46:50 +0100] "GET /bdv-api-main/app/ HTTP/1.1" 500 645
::1 - - [05/Nov/2019:11:46:50 +0100] "GET /favicon.ico HTTP/1.1" 200 202575
::1 - - [05/Nov/2019:11:46:50 +0100] "GET /bdv-api-main/app/ HTTP/1.1" 500 645
::1 - - [05/Nov/2019:11:46:50 +0100] "GET /favicon.ico HTTP/1.1" 200 202575
::1 - - [05/Nov/2019:11:47:05 +0100] "GET /bdv-api-main/app/ HTTP/1.1" 200 2
::1 - - [05/Nov/2019:11:47:05 +0100] "GET /favicon.ico HTTP/1.1" 200 202575
::1 - - [05/Nov/2019:11:47:06 +0100] "GET /bdv-api-main/app/ HTTP/1.1" 200 2
::1 - - [05/Nov/2019:11:47:06 +0100] "GET /favicon.ico HTTP/1.1" 200 202575
::1 - - [05/Nov/2019:11:47:12 +0100] "GET /bdv-api-main/app/ HTTP/1.1" 200 2
::1 - - [05/Nov/2019:11:47:12 +0100] "GET /favicon.ico HTTP/1.1" 200 202575
::1 - - [05/Nov/2019:11:47:19 +0100] "GET /bdv-api-main/app/ HTTP/1.1" 200 2
::1 - - [05/Nov/2019:11:47:19 +0100] "GET /favicon.ico HTTP/1.1" 200 202575
::1 - - [05/Nov/2019:11:47:26 +0100] "GET /bdv-api-main/app/ HTTP/1.1" 200 2
::1 - - [05/Nov/2019:11:47:26 +0100] "GET /favicon.ico HTTP/1.1" 200 202575
::1 - - [05/Nov/2019:11:47:27 +0100] "GET /bdv-api-main/app/ HTTP/1.1" 200 2
::1 - - [05/Nov/2019:11:47:27 +0100] "GET /favicon.ico HTTP/1.1" 200 202575
::1 - - [05/Nov/2019:11:47:38 +0100] "GET /bdv-api-main/app/ HTTP/1.1" 200 2
::1 - - [05/Nov/2019:11:47:38 +0100] "GET /favicon.ico HTTP/1.1" 200 202575
::1 - - [05/Nov/2019:11:49:22 +0100] "GET /bdv-api-main/app/ HTTP/1.1" 500 645
::1 - - [05/Nov/2019:11:49:22 +0100] "GET /favicon.ico HTTP/1.1" 200 202575
::1 - - [05/Nov/2019:11:50:04 +0100] "GET /bdv-api-main/app/ HTTP/1.1" 500 645
::1 - - [05/Nov/2019:11:50:04 +0100] "GET /favicon.ico HTTP/1.1" 200 202575
::1 - - [05/Nov/2019:11:50:04 +0100] "GET /bdv-api-main/app/ HTTP/1.1" 500 645
::1 - - [05/Nov/2019:11:50:05 +0100] "GET /favicon.ico HTTP/1.1" 200 202575
::1 - - [05/Nov/2019:11:50:05 +0100] "GET /bdv-api-main/app/ HTTP/1.1" 500 645
::1 - - [05/Nov/2019:11:50:05 +0100] "GET /favicon.ico HTTP/1.1" 200 202575
::1 - - [05/Nov/2019:11:50:05 +0100] "GET /bdv-api-main/app/ HTTP/1.1" 500 645
::1 - - [05/Nov/2019:11:50:05 +0100] "GET /favicon.ico HTTP/1.1" 200 202575
::1 - - [05/Nov/2019:11:52:13 +0100] "GET /bdv-api-main/app/ HTTP/1.1" 500 645
::1 - - [05/Nov/2019:11:52:14 +0100] "GET /favicon.ico HTTP/1.1" 200 202575
192.168.43.195 - - [02/Jan/2020:14:27:35 +0100] "GET / HTTP/1.1" 200 5669
192.168.43.195 - - [02/Jan/2020:14:27:39 +0100] "GET /HNAP1/ HTTP/1.1" 404 294
192.168.30.21 - - [03/Jan/2020:14:30:10 +0100] "GET / HTTP/1.1" 200 5669
192.168.30.21 - - [03/Jan/2020:14:30:13 +0100] "GET /HNAP1/ HTTP/1.1" 404 293
